  Container_Constr.cpp
C:\Users\Katya\Desktop\Study\Технологии и методы программирования\LR8\TMP_proc-5\Movie.h(3,10): warning C4067: непредвиденные лексемы за директивой препроцессора, требуется newline
  Container_In.cpp
C:\Users\Katya\Desktop\Study\Технологии и методы программирования\LR8\TMP_proc-5\Movie.h(3,10): warning C4067: непредвиденные лексемы за директивой препроцессора, требуется newline
  Container_Out.cpp
C:\Users\Katya\Desktop\Study\Технологии и методы программирования\LR8\TMP_proc-5\Movie.h(3,10): warning C4067: непредвиденные лексемы за директивой препроцессора, требуется newline
  Documentary_In.cpp
  Documentary_Out.cpp
  Fiction_In.cpp
  Fiction_Out.cpp
  Movie_In.cpp
C:\Users\Katya\Desktop\Study\Технологии и методы программирования\LR8\TMP_proc-5\Movie.h(3,10): warning C4067: непредвиденные лексемы за директивой препроцессора, требуется newline
  Movie_Out.cpp
C:\Users\Katya\Desktop\Study\Технологии и методы программирования\LR8\TMP_proc-5\Movie.h(3,10): warning C4067: непредвиденные лексемы за директивой препроцессора, требуется newline
  main.cpp
C:\Users\Katya\Desktop\Study\Технологии и методы программирования\LR8\TMP_proc-5\Movie.h(3,10): warning C4067: непредвиденные лексемы за директивой препроцессора, требуется newline
  Cartoon_In.cpp
  Cartoon_Out.cpp
  Создание кода...
  TMP_proc.vcxproj -> C:\Users\Katya\Desktop\Study\Технологии и методы программирования\LR8\TMP_proc-5\x64\Debug\TMP_proc.exe
